2025-11-25 05:05:14,228 - INFO - Num GPUs Available: 1
2025-11-25 05:07:17,506 - INFO - Num GPUs Available: 1
2025-11-25 05:08:37,944 - INFO - Num GPUs Available: 1
2025-11-25 05:10:27,681 - INFO - Num GPUs Available: 1
2025-11-25 05:15:05,365 - INFO - Num GPUs Available: 1
2025-11-25 05:15:39,090 - INFO - Num GPUs Available: 1
2025-11-25 05:15:43,294 - INFO - Input FPS: 30.0
2025-11-25 05:15:43,295 - INFO - Slowdown: 1.0, Effective Target FPS: 60.0
2025-11-25 05:15:43,295 - INFO - Times to interpolate: 1
2025-11-25 05:15:43,297 - INFO - Extracting frames...
2025-11-25 05:15:43,586 - INFO - Extracted 30 frames.
2025-11-25 05:15:43,586 - INFO - Interpolating...
2025-11-25 05:16:03,722 - INFO - Saved 59 output frames.
2025-11-25 05:16:03,723 - INFO - Encoding video at 60 FPS...
2025-11-25 05:17:15,755 - INFO - Num GPUs Available: 1
2025-11-25 05:17:19,995 - INFO - Input FPS: 30.0
2025-11-25 05:17:19,995 - INFO - Slowdown: 1.0, Effective Target FPS: 60.0
2025-11-25 05:17:19,996 - INFO - Times to interpolate: 1
2025-11-25 05:17:19,998 - INFO - Extracting frames...
2025-11-25 05:17:20,288 - INFO - Extracted 30 frames.
2025-11-25 05:17:20,289 - INFO - Interpolating...
2025-11-25 05:17:40,381 - INFO - Saved 59 output frames.
2025-11-25 05:17:40,382 - INFO - Encoding video at 60 FPS...
2025-11-25 05:20:19,813 - INFO - Num GPUs Available: 1
2025-11-25 05:20:24,029 - INFO - Input FPS: 30.0
2025-11-25 05:20:24,030 - INFO - Slowdown: 4.0, Effective Target FPS: 240.0
2025-11-25 05:20:24,030 - INFO - Times to interpolate: 3
2025-11-25 05:20:24,033 - INFO - Extracting frames...
2025-11-25 05:20:24,316 - INFO - Extracted 30 frames.
2025-11-25 05:20:24,317 - INFO - Interpolating...
2025-11-25 05:20:24,319 - INFO - Split video into 1 chunks for processing.
2025-11-25 05:21:36,079 - INFO - Saved 233 output frames.
2025-11-25 05:21:36,080 - INFO - Encoding video at 60 FPS...
2025-11-25 05:30:23,763 - INFO - Num GPUs Available: 1
2025-11-25 05:30:28,410 - INFO - Input FPS: 30.0
2025-11-25 05:30:28,411 - INFO - Slowdown: 5.0, Effective Target FPS: 300.0
2025-11-25 05:30:28,411 - INFO - Times to interpolate: 4
2025-11-25 05:30:28,413 - INFO - Extracting frames...
2025-11-25 05:30:28,756 - INFO - Extracted 30 frames.
2025-11-25 05:30:28,757 - INFO - Interpolating...
2025-11-25 05:30:28,759 - INFO - Split video into 1 chunks for processing.
2025-11-25 05:31:54,142 - INFO - Num GPUs Available: 1
2025-11-25 05:31:58,346 - INFO - Input FPS: 30.0
2025-11-25 05:31:58,347 - INFO - Slowdown: 2.0, Effective Target FPS: 120.0
2025-11-25 05:31:58,348 - INFO - Times to interpolate: 2
2025-11-25 05:31:58,351 - INFO - Extracting frames...
2025-11-25 05:31:58,637 - INFO - Extracted 30 frames.
2025-11-25 05:31:58,637 - INFO - Interpolating...
2025-11-25 05:31:58,638 - INFO - Split video into 3 chunks for processing.
2025-11-25 05:32:35,908 - INFO - Saved 117 output frames.
2025-11-25 05:32:35,909 - INFO - Encoding video at 60 FPS...
2025-11-25 05:35:32,674 - INFO - Num GPUs Available: 1
2025-11-25 05:35:36,918 - INFO - Input FPS: 30.0
2025-11-25 05:35:36,919 - INFO - Slowdown: 2.0, Effective Target FPS: 120.0
2025-11-25 05:35:36,921 - INFO - Times to interpolate: 2
2025-11-25 05:35:36,923 - INFO - Extracting frames...
2025-11-25 05:35:37,205 - INFO - Extracted 30 frames.
2025-11-25 05:35:37,205 - INFO - Split video into 1 chunks for processing.
2025-11-25 05:38:02,486 - INFO - Num GPUs Available: 1
2025-11-25 05:38:06,657 - INFO - Input FPS: 30.0
2025-11-25 05:38:06,658 - INFO - Slowdown: 2.0, Effective Target FPS: 120.0
2025-11-25 05:38:06,658 - INFO - Times to interpolate: 2
2025-11-25 05:38:06,664 - INFO - Extracting frames...
2025-11-25 05:38:06,961 - INFO - Extracted 30 frames.
2025-11-25 05:38:06,961 - INFO - Interpolating...
2025-11-25 05:38:06,964 - INFO - Split video into 1 chunks for processing.
2025-11-25 05:38:44,256 - INFO - Saved 117 output frames.
2025-11-25 05:38:44,256 - INFO - Encoding video at 60 FPS...
2025-11-25 05:38:57,199 - INFO - Num GPUs Available: 1
2025-11-25 05:39:01,412 - INFO - Input FPS: 30.0
2025-11-25 05:39:01,412 - INFO - Slowdown: 2.0, Effective Target FPS: 120.0
2025-11-25 05:39:01,413 - INFO - Times to interpolate: 2
2025-11-25 05:39:01,413 - INFO - Extracting frames...
2025-11-25 05:39:01,697 - INFO - Extracted 30 frames.
2025-11-25 05:39:01,697 - INFO - Interpolating...
2025-11-25 05:39:39,050 - INFO - Saved 117 output frames.
2025-11-25 05:39:39,051 - INFO - Encoding video at 60 FPS...
2025-11-25 05:52:21,704 - INFO - GPU(s) detected: 1
2025-11-25 05:52:25,648 - INFO - Model loaded successfully
2025-11-25 05:52:25,842 - INFO - Input FPS: 30.0
2025-11-25 05:52:25,842 - INFO - Slowdown: 2.0, Effective Target FPS: 120.0
2025-11-25 05:52:25,844 - INFO - Times to interpolate: 2
2025-11-25 05:52:25,846 - INFO - Extracting frames...
2025-11-25 05:52:26,117 - INFO - Extracted 30 frames.
2025-11-25 05:52:26,117 - INFO - Interpolating...
2025-11-25 05:53:03,699 - INFO - Saved 117 output frames.
2025-11-25 05:53:03,699 - INFO - Encoding video at 60 FPS...
2025-11-25 05:53:04,404 - INFO - Processing complete. Saved to: /tmp/tmp29jhf82d/out.mp4
